#
# There is insufficient memory for the Java Runtime Environment to continue.
# Native memory allocation (malloc) failed to allocate 1556976 bytes for Chunk::new
# Possible reasons:
#   The system is out of physical RAM or swap space
#   In 32 bit mode, the process size limit was hit
# Possible solutions:
#   Reduce memory load on the system
#   Increase physical memory or swap space
#   Check if swap backing store is full
#   Use 64 bit Java on a 64 bit OS
#   Decrease Java heap size (-Xmx/-Xms)
#   Decrease number of Java threads
#   Decrease Java thread stack sizes (-Xss)
#   Set larger code cache with -XX:ReservedCodeCacheSize=
# This output file may be truncated or incomplete.
#
#  Out of Memory Error (allocation.cpp:390), pid=1292, tid=0x0000000000004380
#
# JRE version: OpenJDK Runtime Environment (8.0_152-b01) (build 1.8.0_152-release-1248-b01)
# Java VM: OpenJDK 64-Bit Server VM (25.152-b01 mixed mode windows-amd64 compressed oops)
# Failed to write core dump. Minidumps are not enabled by default on client versions of Windows
#

---------------  T H R E A D  ---------------

Current thread (0x0000000016fc3800):  JavaThread "C2 CompilerThread0" daemon [_thread_in_native, id=17280, stack(0x0000000018970000,0x0000000018a70000)]

Stack: [0x0000000018970000,0x0000000018a70000]
[error occurred during error reporting (printing stack bounds), id 0xc0000005]

Native frames: (J=compiled Java code, j=interpreted, Vv=VM code, C=native code)


Current CompileTask:
C2:3485019 23558       4       com.android.tools.r8.org.objectweb.asm.ClassReader::readCode (5071 bytes)


---------------  P R O C E S S  ---------------

Java Threads: ( => current thread )
  0x000000001fbe7800 JavaThread "ForkJoinPool.commonPool-worker-2" daemon [_thread_in_native, id=15368, stack(0x0000000032e70000,0x0000000032f70000)]
  0x000000001fbe3800 JavaThread "ForkJoinPool.commonPool-worker-1" daemon [_thread_in_Java, id=20036, stack(0x0000000032d70000,0x0000000032e70000)]
  0x00000000200a5000 JavaThread "ForkJoinPool.commonPool-worker-0" daemon [_thread_in_native, id=5508, stack(0x0000000032c70000,0x0000000032d70000)]
  0x000000002009f000 JavaThread "Cache worker for Java compile cache (C:\Users\sung12\Desktop\my_final_Test\MyApplication\.gradle\4.10.1\javaCompile)" [_thread_blocked, id=12316, stack(0x0000000032a70000,0x0000000032b70000)]
  0x00000000200a0800 JavaThread "stdout" [_thread_in_native, id=7944, stack(0x0000000032970000,0x0000000032a70000)]
  0x00000000200a2000 JavaThread "stderr" [_thread_in_native, id=14932, stack(0x0000000032870000,0x0000000032970000)]
  0x00000000200a4800 JavaThread "pool-28-thread-1" [_thread_blocked, id=20604, stack(0x0000000032770000,0x0000000032870000)]
  0x00000000200a3000 JavaThread "Cache worker for Build Output Cleanup Cache (C:\Users\sung12\Desktop\my_final_Test\MyApplication\.gradle\buildOutputCleanup)" [_thread_blocked, id=17184, stack(0x0000000032570000,0x0000000032670000)]
  0x00000000200a0000 JavaThread "Cache worker for task history cache (C:\Users\sung12\Desktop\my_final_Test\MyApplication\.gradle\4.10.1\taskHistory)" [_thread_blocked, id=16680, stack(0x0000000032470000,0x0000000032570000)]
  0x0000000020097800 JavaThread "Task worker for ':' Thread 3" [_thread_blocked, id=7176, stack(0x0000000032370000,0x0000000032470000)]
  0x000000002009e800 JavaThread "Task worker for ':' Thread 2" [_thread_blocked, id=7364, stack(0x0000000032270000,0x0000000032370000)]
  0x000000002009a800 JavaThread "Task worker for ':'" [_thread_blocked, id=23104, stack(0x0000000032170000,0x0000000032270000)]
  0x000000002009d800 JavaThread "Cache worker for file content cache (C:\Users\sung12\Desktop\my_final_Test\MyApplication\.gradle\4.10.1\fileContent)" [_thread_blocked, id=22856, stack(0x0000000032070000,0x0000000032170000)]
  0x0000000020099000 JavaThread "Build operations Thread 4" [_thread_blocked, id=21264, stack(0x0000000031f70000,0x0000000032070000)]
  0x000000001c88a800 JavaThread "Build operations Thread 3" [_thread_blocked, id=18996, stack(0x0000000031e70000,0x0000000031f70000)]
  0x000000001c886000 JavaThread "Build operations Thread 2" [_thread_blocked, id=21752, stack(0x0000000031d70000,0x0000000031e70000)]
  0x000000001c887800 JavaThread "Build operations" [_thread_blocked, id=4352, stack(0x0000000031c70000,0x0000000031d70000)]
  0x000000001c88a000 JavaThread "Cache worker for cache directory md-rule (C:\Users\sung12\.gradle\caches\4.10.1\md-rule)" [_thread_blocked, id=22512, stack(0x0000000031b70000,0x0000000031c70000)]
  0x000000001c888800 JavaThread "Cache worker for cache directory md-supplier (C:\Users\sung12\.gradle\caches\4.10.1\md-supplier)" [_thread_blocked, id=18516, stack(0x0000000031a70000,0x0000000031b70000)]
  0x000000001c88c000 JavaThread "Cache worker for file hash cache (C:\Users\sung12\Desktop\my_final_Test\MyApplication\.gradle\4.10.1\fileHashes)" [_thread_blocked, id=16456, stack(0x0000000031970000,0x0000000031a70000)]
  0x000000001c87e800 JavaThread "Stdin handler" [_thread_blocked, id=16800, stack(0x0000000031870000,0x0000000031970000)]
  0x000000001c880000 JavaThread "Asynchronous log dispatcher for DefaultDaemonConnection: socket connection from /127.0.0.1:59819 to /127.0.0.1:60614" [_thread_blocked, id=7240, stack(0x0000000031770000,0x0000000031870000)]
  0x000000001c87f800 JavaThread "Daemon worker Thread 6" [_thread_blocked, id=3696, stack(0x0000000031670000,0x0000000031770000)]
  0x000000001c884000 JavaThread "Cancel handler" [_thread_blocked, id=15088, stack(0x0000000031570000,0x0000000031670000)]
  0x000000001c883000 JavaThread "Handler for socket connection from /127.0.0.1:59819 to /127.0.0.1:60614" [_thread_in_native, id=15720, stack(0x0000000031470000,0x0000000031570000)]
  0x000000001c87e000 JavaThread "Daemon Thread 6" [_thread_blocked, id=20628, stack(0x0000000031370000,0x0000000031470000)]
  0x000000002009d000 JavaThread "Cache worker for Java compile cache (C:\Users\sung12\.gradle\caches\4.10.1\javaCompile)" [_thread_blocked, id=18716, stack(0x0000000025fb0000,0x00000000260b0000)]
  0x000000001c88b800 JavaThread "Cache worker for file content cache (C:\Users\sung12\.gradle\caches\4.10.1\fileContent)" [_thread_blocked, id=15736, stack(0x0000000024eb0000,0x0000000024fb0000)]
  0x000000001c881000 JavaThread "Memory manager" [_thread_blocked, id=22932, stack(0x00000000226b0000,0x00000000227b0000)]
  0x00000000194d5800 JavaThread "Cache worker for Artifact transforms cache (C:\Users\sung12\.gradle\caches\transforms-1)" [_thread_blocked, id=22476, stack(0x000000001f340000,0x000000001f440000)]
  0x00000000194d7000 JavaThread "Cache worker for journal cache (C:\Users\sung12\.gradle\caches\journal-1)" [_thread_blocked, id=16816, stack(0x000000001e790000,0x000000001e890000)]
  0x00000000185a9000 JavaThread "File lock request listener" [_thread_in_native, id=17636, stack(0x000000001d5c0000,0x000000001d6c0000)]
  0x0000000019fe1000 JavaThread "Cache worker for file hash cache (C:\Users\sung12\.gradle\caches\4.10.1\fileHashes)" [_thread_blocked, id=21216, stack(0x000000001d4c0000,0x000000001d5c0000)]
  0x0000000018521800 JavaThread "Daemon periodic checks" [_thread_blocked, id=21636, stack(0x000000001aa20000,0x000000001ab20000)]
  0x0000000019cd7000 JavaThread "Incoming local TCP Connector on port 59819" [_thread_in_native, id=19856, stack(0x000000001a840000,0x000000001a940000)]
  0x00000000183d0000 JavaThread "Service Thread" daemon [_thread_blocked, id=22548, stack(0x0000000018c70000,0x0000000018d70000)]
  0x0000000018382000 JavaThread "C1 CompilerThread2" daemon [_thread_blocked, id=19528, stack(0x0000000018b70000,0x0000000018c70000)]
  0x0000000016fc8800 JavaThread "C2 CompilerThread1" daemon [_thread_in_native, id=16840, stack(0x0000000018a70000,0x0000000018b70000)]
=>0x0000000016fc3800 JavaThread "C2 CompilerThread0" daemon [_thread_in_native, id=17280, stack(0x0000000018970000,0x0000000018a70000)]
  0x0000000016f7e800 JavaThread "Attach Listener" daemon [_thread_blocked, id=21552, stack(0x0000000018870000,0x0000000018970000)]
  0x0000000018380800 JavaThread "Signal Dispatcher" daemon [_thread_blocked, id=11536, stack(0x0000000018770000,0x0000000018870000)]
  0x00000000035fc000 JavaThread "Finalizer" daemon [_thread_blocked, id=21860, stack(0x00000000181e0000,0x00000000182e0000)]
  0x00000000035f0800 JavaThread "Reference Handler" daemon [_thread_blocked, id=22552, stack(0x00000000180e0000,0x00000000181e0000)]
  0x00000000034fe000 JavaThread "main" [_thread_blocked, id=9428, stack(0x0000000003390000,0x0000000003490000)]

Other Threads:
  0x0000000016f37000 VMThread [stack: 0x0000000017fe0000,0x00000000180e0000] [id=22032]
  0x00000000183d1000 WatcherThread [stack: 0x0000000018d70000,0x0000000018e70000] [id=22556]

VM state:not at safepoint (normal execution)

VM Mutex/Monitor currently owned by a thread: None

Heap:
 PSYoungGen      total 493056K, used 335701K [0x00000000e0000000, 0x0000000100000000, 0x0000000100000000)
  eden space 462848K, 68% used [0x00000000e0000000,0x00000000f36f8828,0x00000000fc400000)
  from space 30208K, 57% used [0x00000000fe280000,0x00000000ff35cf60,0x0000000100000000)
  to   space 30720K, 0% used [0x00000000fc400000,0x00000000fc400000,0x00000000fe200000)
 ParOldGen       total 115712K, used 90334K [0x00000000a0000000, 0x00000000a7100000, 0x00000000e0000000)
  object space 115712K, 78% used [0x00000000a0000000,0x00000000a5837a48,0x00000000a7100000)
 Metaspace       used 92590K, capacity 96868K, committed 97024K, reserved 1134592K
  class space    used 11629K, capacity 12473K, committed 12544K, reserved 1048576K

Card table byte_map: [0x00000000129c0000,0x0000000012cd0000] byte_map_base: 0x00000000124c0000

Marking Bits: (ParMarkBitMap*) 0x0000000073d25aa0
 Begin Bits: [0x00000000132d0000, 0x0000000014ad0000)
 End Bits:   [0x0000000014ad0000, 0x00000000162d0000)

Polling page: 0x0000000002f80000

CodeCache: size=245760Kb used=63392Kb max_used=63392Kb free=182367Kb
 bounds [0x0000000003600000, 0x0000000007440000, 0x0000000012600000]
 total_blobs=18896 nmethods=18018 adapters=788
 compilation: enabled

Compilation events (10 events):
Event: 3484.060 Thread 0x0000000018382000 23595       2       com.android.tools.r8.com.google.common.io.Closer::create (11 bytes)
Event: 3484.061 Thread 0x0000000018382000 nmethod 23595 0x000000000541ef90 code [0x000000000541f100, 0x000000000541f348]
Event: 3484.061 Thread 0x0000000018382000 23596       2       com.android.tools.r8.com.google.common.io.Closer::<init> (28 bytes)
Event: 3484.061 Thread 0x0000000018382000 nmethod 23596 0x000000000541ea10 code [0x000000000541eb80, 0x000000000541ee38]
Event: 3484.061 Thread 0x0000000018382000 23597       2       com.android.tools.r8.utils.FileUtils::openPathWithDefault (45 bytes)
Event: 3484.062 Thread 0x0000000018382000 nmethod 23597 0x0000000006f74a50 code [0x0000000006f74be0, 0x0000000006f74df8]
Event: 3484.062 Thread 0x0000000018382000 23598       2       com.android.tools.r8.org.objectweb.asm.ClassVisitor::visit (24 bytes)
Event: 3484.063 Thread 0x0000000018382000 nmethod 23598 0x0000000006f74690 code [0x0000000006f74800, 0x0000000006f74988]
Event: 3484.069 Thread 0x0000000018382000 23599       2       com.android.tools.r8.ir.conversion.IRBuilder::addSwitch (320 bytes)
Event: 3484.070 Thread 0x0000000018382000 nmethod 23599 0x0000000006f6d890 code [0x0000000006f6dae0, 0x0000000006f6e478]

GC Heap History (10 events):
Event: 2190.787 GC heap before
{Heap before GC invocations=27 (full 3):
 PSYoungGen      total 323072K, used 313692K [0x00000000e0000000, 0x00000000f9600000, 0x0000000100000000)
  eden space 302592K, 100% used [0x00000000e0000000,0x00000000f2780000,0x00000000f2780000)
  from space 20480K, 54% used [0x00000000f2780000,0x00000000f32570b8,0x00000000f3b80000)
  to   space 19968K, 0% used [0x00000000f8280000,0x00000000f8280000,0x00000000f9600000)
 ParOldGen       total 115712K, used 55060K [0x00000000a0000000, 0x00000000a7100000, 0x00000000e0000000)
  object space 115712K, 47% used [0x00000000a0000000,0x00000000a35c5168,0x00000000a7100000)
 Metaspace       used 88719K, capacity 92562K, committed 92800K, reserved 1130496K
  class space    used 11275K, capacity 12086K, committed 12160K, reserved 1048576K
Event: 2191.021 GC heap after
Heap after GC invocations=27 (full 3):
 PSYoungGen      total 384512K, used 19952K [0x00000000e0000000, 0x00000000fa900000, 0x0000000100000000)
  eden space 364544K, 0% used [0x00000000e0000000,0x00000000e0000000,0x00000000f6400000)
  from space 19968K, 99% used [0x00000000f8280000,0x00000000f95fc288,0x00000000f9600000)
  to   space 31232K, 0% used [0x00000000f6400000,0x00000000f6400000,0x00000000f8280000)
 ParOldGen       total 115712K, used 77090K [0x00000000a0000000, 0x00000000a7100000, 0x00000000e0000000)
  object space 115712K, 66% used [0x00000000a0000000,0x00000000a4b48910,0x00000000a7100000)
 Metaspace       used 88719K, capacity 92562K, committed 92800K, reserved 1130496K
  class space    used 11275K, capacity 12086K, committed 12160K, reserved 1048576K
}
Event: 2209.537 GC heap before
{Heap before GC invocations=28 (full 3):
 PSYoungGen      total 384512K, used 383879K [0x00000000e0000000, 0x00000000fa900000, 0x0000000100000000)
  eden space 364544K, 99% used [0x00000000e0000000,0x00000000f6365ad8,0x00000000f6400000)
  from space 19968K, 99% used [0x00000000f8280000,0x00000000f95fc288,0x00000000f9600000)
  to   space 31232K, 0% used [0x00000000f6400000,0x00000000f6400000,0x00000000f8280000)
 ParOldGen       total 115712K, used 77090K [0x00000000a0000000, 0x00000000a7100000, 0x00000000e0000000)
  object space 115712K, 66% used [0x00000000a0000000,0x00000000a4b48910,0x00000000a7100000)
 Metaspace       used 89371K, capacity 93200K, committed 93312K, reserved 1130496K
  class space    used 11350K, capacity 12135K, committed 12160K, reserved 1048576K
Event: 2209.628 GC heap after
Heap after GC invocations=28 (full 3):
 PSYoungGen      total 395776K, used 15354K [0x00000000e0000000, 0x00000000fd780000, 0x0000000100000000)
  eden space 364544K, 0% used [0x00000000e0000000,0x00000000e0000000,0x00000000f6400000)
  from space 31232K, 49% used [0x00000000f6400000,0x00000000f72fe828,0x00000000f8280000)
  to   space 30720K, 0% used [0x00000000fb980000,0x00000000fb980000,0x00000000fd780000)
 ParOldGen       total 115712K, used 88010K [0x00000000a0000000, 0x00000000a7100000, 0x00000000e0000000)
  object space 115712K, 76% used [0x00000000a0000000,0x00000000a55f2ba8,0x00000000a7100000)
 Metaspace       used 89371K, capacity 93200K, committed 93312K, reserved 1130496K
  class space    used 11350K, capacity 12135K, committed 12160K, reserved 1048576K
}
Event: 2210.002 GC heap before
{Heap before GC invocations=29 (full 3):
 PSYoungGen      total 395776K, used 378957K [0x00000000e0000000, 0x00000000fd780000, 0x0000000100000000)
  eden space 364544K, 99% used [0x00000000e0000000,0x00000000f6314ec8,0x00000000f6400000)
  from space 31232K, 49% used [0x00000000f6400000,0x00000000f72fe828,0x00000000f8280000)
  to   space 30720K, 0% used [0x00000000fb980000,0x00000000fb980000,0x00000000fd780000)
 ParOldGen       total 115712K, used 88010K [0x00000000a0000000, 0x00000000a7100000, 0x00000000e0000000)
  object space 115712K, 76% used [0x00000000a0000000,0x00000000a55f2ba8,0x00000000a7100000)
 Metaspace       used 89371K, capacity 93200K, committed 93312K, reserved 1130496K
  class space    used 11350K, capacity 12135K, committed 12160K, reserved 1048576K
Event: 2210.009 GC heap after
Heap after GC invocations=29 (full 3):
 PSYoungGen      total 448000K, used 64K [0x00000000e0000000, 0x00000000fd580000, 0x0000000100000000)
  eden space 419328K, 0% used [0x00000000e0000000,0x00000000e0000000,0x00000000f9980000)
  from space 28672K, 0% used [0x00000000fb980000,0x00000000fb990000,0x00000000fd580000)
  to   space 30720K, 0% used [0x00000000f9980000,0x00000000f9980000,0x00000000fb780000)
 ParOldGen       total 115712K, used 90286K [0x00000000a0000000, 0x00000000a7100000, 0x00000000e0000000)
  object space 115712K, 78% used [0x00000000a0000000,0x00000000a582ba48,0x00000000a7100000)
 Metaspace       used 89371K, capacity 93200K, committed 93312K, reserved 1130496K
  class space    used 11350K, capacity 12135K, committed 12160K, reserved 1048576K
}
Event: 2729.706 GC heap before
{Heap before GC invocations=30 (full 3):
 PSYoungGen      total 448000K, used 419392K [0x00000000e0000000, 0x00000000fd580000, 0x0000000100000000)
  eden space 419328K, 100% used [0x00000000e0000000,0x00000000f9980000,0x00000000f9980000)
  from space 28672K, 0% used [0x00000000fb980000,0x00000000fb990000,0x00000000fd580000)
  to   space 30720K, 0% used [0x00000000f9980000,0x00000000f9980000,0x00000000fb780000)
 ParOldGen       total 115712K, used 90286K [0x00000000a0000000, 0x00000000a7100000, 0x00000000e0000000)
  object space 115712K, 78% used [0x00000000a0000000,0x00000000a582ba48,0x00000000a7100000)
 Metaspace       used 91612K, capacity 95742K, committed 96000K, reserved 1132544K
  class space    used 11593K, capacity 12436K, committed 12544K, reserved 1048576K
Event: 2729.752 GC heap after
Heap after GC invocations=30 (full 3):
 PSYoungGen      total 450048K, used 14792K [0x00000000e0000000, 0x0000000100000000, 0x0000000100000000)
  eden space 419328K, 0% used [0x00000000e0000000,0x00000000e0000000,0x00000000f9980000)
  from space 30720K, 48% used [0x00000000f9980000,0x00000000fa7f23c0,0x00000000fb780000)
  to   space 30208K, 0% used [0x00000000fe280000,0x00000000fe280000,0x0000000100000000)
 ParOldGen       total 115712K, used 90326K [0x00000000a0000000, 0x00000000a7100000, 0x00000000e0000000)
  object space 115712K, 78% used [0x00000000a0000000,0x00000000a5835a48,0x00000000a7100000)
 Metaspace       used 91612K, capacity 95742K, committed 96000K, reserved 1132544K
  class space    used 11593K, capacity 12436K, committed 12544K, reserved 1048576K
}
Event: 3451.036 GC heap before
{Heap before GC invocations=31 (full 3):
 PSYoungGen      total 450048K, used 434120K [0x00000000e0000000, 0x0000000100000000, 0x0000000100000000)
  eden space 419328K, 100% used [0x00000000e0000000,0x00000000f9980000,0x00000000f9980000)
  from space 30720K, 48% used [0x00000000f9980000,0x00000000fa7f23c0,0x00000000fb780000)
  to   space 30208K, 0% used [0x00000000fe280000,0x00000000fe280000,0x0000000100000000)
 ParOldGen       total 115712K, used 90326K [0x00000000a0000000, 0x00000000a7100000, 0x00000000e0000000)
  object space 115712K, 78% used [0x00000000a0000000,0x00000000a5835a48,0x00000000a7100000)
 Metaspace       used 92221K, capacity 96480K, committed 96768K, reserved 1134592K
  class space    used 11625K, capacity 12473K, committed 12544K, reserved 1048576K
Event: 3451.088 GC heap after
Heap after GC invocations=31 (full 3):
 PSYoungGen      total 493056K, used 17267K [0x00000000e0000000, 0x0000000100000000, 0x0000000100000000)
  eden space 462848K, 0% used [0x00000000e0000000,0x00000000e0000000,0x00000000fc400000)
  from space 30208K, 57% used [0x00000000fe280000,0x00000000ff35cf60,0x0000000100000000)
  to   space 30720K, 0% used [0x00000000fc400000,0x00000000fc400000,0x00000000fe200000)
 ParOldGen       total 115712K, used 90334K [0x00000000a0000000, 0x00000000a7100000, 0x00000000e0000000)
  object space 115712K, 78% used [0x00000000a0000000,0x00000000a5837a48,0x00000000a7100000)
 Metaspace       used 92221K, capacity 96480K, committed 96768K, reserved 1134592K
  class space    used 11625K, capacity 12473K, committed 12544K, reserved 1048576K
}

Deoptimization events (10 events):
Event: 3464.946 Thread 0x0000000020097800 Uncommon trap: reason=unstable_if action=reinterpret pc=0x0000000006074d24 method=com.sun.tools.javac.comp.Check.checkTransparentVar(Lcom/sun/tools/javac/util/JCDiagnostic$DiagnosticPosition;Lcom/sun/tools/javac/code/Symbol$VarSymbol;Lcom/sun/tools/javac/
Event: 3464.984 Thread 0x0000000020097800 Uncommon trap: reason=class_check action=maybe_recompile pc=0x000000000722cb4c method=com.sun.tools.javac.tree.TreeInfo.isEnumInit(Lcom/sun/tools/javac/tree/JCTree;)Z @ 4
Event: 3465.086 Thread 0x0000000020097800 Uncommon trap: reason=class_check action=maybe_recompile pc=0x000000000722cb4c method=com.sun.tools.javac.tree.TreeInfo.isEnumInit(Lcom/sun/tools/javac/tree/JCTree;)Z @ 4
Event: 3465.089 Thread 0x0000000020097800 Uncommon trap: reason=unstable_if action=reinterpret pc=0x00000000072556d4 method=com.sun.tools.javac.comp.MemberEnter.visitVarDef(Lcom/sun/tools/javac/tree/JCTree$JCVariableDecl;)V @ 18
Event: 3465.102 Thread 0x0000000020097800 Uncommon trap: reason=class_check action=maybe_recompile pc=0x000000000722cb4c method=com.sun.tools.javac.tree.TreeInfo.isEnumInit(Lcom/sun/tools/javac/tree/JCTree;)Z @ 4
Event: 3465.104 Thread 0x0000000020097800 Uncommon trap: reason=bimorphic action=maybe_recompile pc=0x00000000054961e8 method=com.sun.tools.javac.code.Type.isErroneous(Lcom/sun/tools/javac/util/List;)Z @ 16
Event: 3465.104 Thread 0x0000000020097800 Uncommon trap: reason=bimorphic action=maybe_recompile pc=0x00000000054961e8 method=com.sun.tools.javac.code.Type.isErroneous(Lcom/sun/tools/javac/util/List;)Z @ 16
Event: 3465.111 Thread 0x0000000020097800 Uncommon trap: reason=class_check action=maybe_recompile pc=0x000000000722cb4c method=com.sun.tools.javac.tree.TreeInfo.isEnumInit(Lcom/sun/tools/javac/tree/JCTree;)Z @ 4
Event: 3465.218 Thread 0x0000000020097800 Uncommon trap: reason=speculate_class_check action=maybe_recompile pc=0x0000000005960198 method=com.sun.tools.javac.code.Types$SameTypeVisitor.visitClassType(Lcom/sun/tools/javac/code/Type$ClassType;Lcom/sun/tools/javac/code/Type;)Ljava/lang/Boolean; @ 32
Event: 3465.495 Thread 0x0000000020097800 Uncommon trap: reason=unstable_if action=reinterpret pc=0x0000000005adf6d0 method=com.sun.tools.javac.code.Types.covariantReturnType(Lcom/sun/tools/javac/code/Type;Lcom/sun/tools/javac/code/Type;Lcom/sun/tools/javac/util/Warner;)Z @ 6

Classes redefined (0 events):
No events

Internal exceptions (10 events):
Event: 3483.808 Thread 0x000000001fbe7800 Exception <a 'sun/nio/fs/WindowsException'> (0x00000000f1fbebe8) thrown at [D:\src\AOSP-openjdk-cygwin\jdk8u\hotspot\src\share\vm\prims\jni.cpp, line 709]
Event: 3483.812 Thread 0x000000001fbe7800 Exception <a 'sun/nio/fs/WindowsException'> (0x00000000f1fc6140) thrown at [D:\src\AOSP-openjdk-cygwin\jdk8u\hotspot\src\share\vm\prims\jni.cpp, line 709]
Event: 3483.815 Thread 0x000000001fbe3800 Exception <a 'sun/nio/fs/WindowsException'> (0x00000000f207b1b0) thrown at [D:\src\AOSP-openjdk-cygwin\jdk8u\hotspot\src\share\vm\prims\jni.cpp, line 709]
Event: 3483.861 Thread 0x00000000200a5000 Exception <a 'sun/nio/fs/WindowsException'> (0x00000000f219dd58) thrown at [D:\src\AOSP-openjdk-cygwin\jdk8u\hotspot\src\share\vm\prims\jni.cpp, line 709]
Event: 3483.928 Thread 0x000000001fbe7800 Exception <a 'sun/nio/fs/WindowsException'> (0x00000000f2d9e448) thrown at [D:\src\AOSP-openjdk-cygwin\jdk8u\hotspot\src\share\vm\prims\jni.cpp, line 709]
Event: 3483.987 Thread 0x000000001fbe7800 Exception <a 'sun/nio/fs/WindowsException'> (0x00000000f2e9a718) thrown at [D:\src\AOSP-openjdk-cygwin\jdk8u\hotspot\src\share\vm\prims\jni.cpp, line 709]
Event: 3483.989 Thread 0x00000000200a5000 Exception <a 'sun/nio/fs/WindowsException'> (0x00000000f31c9a90) thrown at [D:\src\AOSP-openjdk-cygwin\jdk8u\hotspot\src\share\vm\prims\jni.cpp, line 709]
Event: 3483.997 Thread 0x00000000200a5000 Exception <a 'sun/nio/fs/WindowsException'> (0x00000000f326ce30) thrown at [D:\src\AOSP-openjdk-cygwin\jdk8u\hotspot\src\share\vm\prims\jni.cpp, line 709]
Event: 3484.052 Thread 0x000000001fbe7800 Exception <a 'sun/nio/fs/WindowsException'> (0x00000000f2e9fdc8) thrown at [D:\src\AOSP-openjdk-cygwin\jdk8u\hotspot\src\share\vm\prims\jni.cpp, line 709]
Event: 3484.058 Thread 0x00000000200a5000 Exception <a 'sun/nio/fs/WindowsException'> (0x00000000f32b23c0) thrown at [D:\src\AOSP-openjdk-cygwin\jdk8u\hotspot\src\share\vm\prims\jni.cpp, line 709]

Events (10 events):
Event: 3483.893 Thread 0x000000001fbe3800 DEOPT PACKING pc=0x0000000005efaaf1 sp=0x0000000032e6ddd0
Event: 3483.893 Thread 0x000000001fbe3800 DEOPT UNPACKING pc=0x00000000036475d0 sp=0x0000000032e6daf8 mode 0
Event: 3483.950 Thread 0x000000001fbe3800 DEOPT PACKING pc=0x000000000615e363 sp=0x0000000032e6dd30
Event: 3483.950 Thread 0x000000001fbe3800 DEOPT UNPACKING pc=0x00000000036475d0 sp=0x0000000032e6db10 mode 0
Event: 3483.958 Thread 0x000000001fbe3800 DEOPT PACKING pc=0x000000000393101b sp=0x0000000032e6dc70
Event: 3483.958 Thread 0x000000001fbe3800 DEOPT UNPACKING pc=0x00000000036475d0 sp=0x0000000032e6daa0 mode 0
Event: 3483.975 Thread 0x000000001fbe3800 DEOPT PACKING pc=0x000000000393101b sp=0x0000000032e6dbe0
Event: 3483.975 Thread 0x000000001fbe3800 DEOPT UNPACKING pc=0x00000000036475d0 sp=0x0000000032e6da10 mode 0
Event: 3484.045 Thread 0x000000001fbe3800 DEOPT PACKING pc=0x00000000066f2e5f sp=0x0000000032e6dd90
Event: 3484.045 Thread 0x000000001fbe3800 DEOPT UNPACKING pc=0x00000000036475d0 sp=0x0000000032e6db60 mode 0


Dynamic libraries:
0x00007ff7b0a10000 - 0x00007ff7b0a41000 	C:\Program Files\Android\Android Studio\jre\bin\java.exe
0x00007ffb34410000 - 0x00007ffb345f1000 	C:\WINDOWS\SYSTEM32\ntdll.dll
0x00007ffb31b00000 - 0x00007ffb31bb1000 	C:\WINDOWS\System32\KERNEL32.DLL
0x00007ffb30c30000 - 0x00007ffb30ea3000 	C:\WINDOWS\System32\KERNELBASE.dll
0x00007ffb33a10000 - 0x00007ffb33ab1000 	C:\WINDOWS\System32\ADVAPI32.dll
0x00007ffb321e0000 - 0x00007ffb3227e000 	C:\WINDOWS\System32\msvcrt.dll
0x00007ffb323f0000 - 0x00007ffb3244b000 	C:\WINDOWS\System32\sechost.dll
0x00007ffb33f30000 - 0x00007ffb34054000 	C:\WINDOWS\System32\RPCRT4.dll
0x00007ffb32050000 - 0x00007ffb321e0000 	C:\WINDOWS\System32\USER32.dll
0x00007ffb307e0000 - 0x00007ffb30800000 	C:\WINDOWS\System32\win32u.dll
0x00007ffb343b0000 - 0x00007ffb343d8000 	C:\WINDOWS\System32\GDI32.dll
0x00007ffb308b0000 - 0x00007ffb30a42000 	C:\WINDOWS\System32\gdi32full.dll
0x00007ffb310a0000 - 0x00007ffb3113f000 	C:\WINDOWS\System32\msvcp_win.dll
0x00007ffb30a50000 - 0x00007ffb30b48000 	C:\WINDOWS\System32\ucrtbase.dll
0x00007ffb202b0000 - 0x00007ffb20519000 	C:\WINDOWS\WinSxS\amd64_microsoft.windows.common-controls_6595b64144ccf1df_6.0.17134.765_none_fb42a1a930655896\COMCTL32.dll
0x00007ffb33ac0000 - 0x00007ffb33de2000 	C:\WINDOWS\System32\combase.dll
0x00007ffb30b50000 - 0x00007ffb30bca000 	C:\WINDOWS\System32\bcryptPrimitives.dll
0x00007ffb32020000 - 0x00007ffb3204d000 	C:\WINDOWS\System32\IMM32.DLL
0x00000000750b0000 - 0x0000000075182000 	C:\Program Files\Android\Android Studio\jre\jre\bin\msvcr100.dll
0x0000000073560000 - 0x0000000073da1000 	C:\Program Files\Android\Android Studio\jre\jre\bin\server\jvm.dll
0x00007ffb343a0000 - 0x00007ffb343a8000 	C:\WINDOWS\System32\PSAPI.DLL
0x00007ffb2d240000 - 0x00007ffb2d249000 	C:\WINDOWS\SYSTEM32\WSOCK32.dll
0x00007ffb33df0000 - 0x00007ffb33e5c000 	C:\WINDOWS\System32\WS2_32.dll
0x00007ffb26e90000 - 0x00007ffb26eb3000 	C:\WINDOWS\SYSTEM32\WINMM.dll
0x00007ffb2f330000 - 0x00007ffb2f33a000 	C:\WINDOWS\SYSTEM32\VERSION.dll
0x00007ffb26e60000 - 0x00007ffb26e8a000 	C:\WINDOWS\SYSTEM32\WINMMBASE.dll
0x00007ffb31140000 - 0x00007ffb31189000 	C:\WINDOWS\System32\cfgmgr32.dll
0x00007ffb2c0b0000 - 0x00007ffb2c0bf000 	C:\Program Files\Android\Android Studio\jre\jre\bin\verify.dll
0x00007ffb2a5e0000 - 0x00007ffb2a609000 	C:\Program Files\Android\Android Studio\jre\jre\bin\java.dll
0x00007ffb26bd0000 - 0x00007ffb26be6000 	C:\Program Files\Android\Android Studio\jre\jre\bin\zip.dll
0x00007ffb325d0000 - 0x00007ffb33a10000 	C:\WINDOWS\System32\SHELL32.dll
0x00007ffb340c0000 - 0x00007ffb34169000 	C:\WINDOWS\System32\shcore.dll
0x00007ffb31190000 - 0x00007ffb3189d000 	C:\WINDOWS\System32\windows.storage.dll
0x00007ffb322a0000 - 0x00007ffb322f1000 	C:\WINDOWS\System32\shlwapi.dll
0x00007ffb307a0000 - 0x00007ffb307b1000 	C:\WINDOWS\System32\kernel.appcore.dll
0x00007ffb307c0000 - 0x00007ffb307df000 	C:\WINDOWS\System32\profapi.dll
0x00007ffb30740000 - 0x00007ffb3078c000 	C:\WINDOWS\System32\powrprof.dll
0x00007ffb30790000 - 0x00007ffb3079a000 	C:\WINDOWS\System32\FLTLIB.DLL
0x00007ffb26b40000 - 0x00007ffb26b5a000 	C:\Program Files\Android\Android Studio\jre\jre\bin\net.dll
0x00007ffb2ff40000 - 0x00007ffb2ffa6000 	C:\WINDOWS\system32\mswsock.dll
0x00007ffb20290000 - 0x00007ffb202a1000 	C:\Program Files\Android\Android Studio\jre\jre\bin\nio.dll
0x00007ffb1a100000 - 0x00007ffb1a11e000 	C:\Users\sung12\.gradle\native\25\windows-amd64\native-platform.dll
0x00007ffb2c0a0000 - 0x00007ffb2c0ad000 	C:\Program Files\Android\Android Studio\jre\jre\bin\management.dll
0x00007ffb300f0000 - 0x00007ffb30107000 	C:\WINDOWS\SYSTEM32\CRYPTSP.dll
0x00007ffb2fb20000 - 0x00007ffb2fb53000 	C:\WINDOWS\system32\rsaenh.dll
0x00007ffb30220000 - 0x00007ffb30245000 	C:\WINDOWS\SYSTEM32\bcrypt.dll
0x00007ffb30650000 - 0x00007ffb30678000 	C:\WINDOWS\SYSTEM32\USERENV.dll
0x00007ffb30110000 - 0x00007ffb3011b000 	C:\WINDOWS\SYSTEM32\CRYPTBASE.dll
0x00007ffb2fcc0000 - 0x00007ffb2fcf8000 	C:\WINDOWS\SYSTEM32\IPHLPAPI.DLL
0x00007ffb31bc0000 - 0x00007ffb31bc8000 	C:\WINDOWS\System32\NSI.dll
0x00007ffb28010000 - 0x00007ffb28026000 	C:\WINDOWS\SYSTEM32\dhcpcsvc6.DLL
0x00007ffb28810000 - 0x00007ffb2882a000 	C:\WINDOWS\SYSTEM32\dhcpcsvc.DLL
0x00007ffb2f810000 - 0x00007ffb2f841000 	C:\WINDOWS\SYSTEM32\ntmarta.dll

VM Arguments:
jvm_args: -Xmx1536m -Dfile.encoding=x-windows-949 -Duser.country=KR -Duser.language=ko -Duser.variant 
java_command: org.gradle.launcher.daemon.bootstrap.GradleDaemon 4.10.1
java_class_path (initial): C:\Users\sung12\.gradle\wrapper\dists\gradle-4.10.1-all\455itskqi2qtf0v2sja68alqd\gradle-4.10.1\lib\gradle-launcher-4.10.1.jar
Launcher Type: SUN_STANDARD

Environment Variables:
JAVA_HOME=C:\Program Files\Java\jdk-11.0.2
CLASSPATH=,;
PATH=C:\Program Files (x86)\Common Files\Oracle\Java\javapath;C:\Program Files\Java\jdk-11.0.2\bin;C:\Program Files (x86)\NAT Service;C:\WINDOWS\system32;C:\WINDOWS;C:\WINDOWS\System32\Wbem;C:\WINDOWS\System32\WindowsPowerShell\v1.0\;C:\WINDOWS\System32\OpenSSH\;C:\Program Files\Java\jdk-11.0.2\bin;C:\Program Files\Microsoft SQL Server\130\Tools\Binn\;C:\Program Files (x86)\Windows Kits\8.1\Windows Performance Toolkit\;C:\Program Files (x86)\Windows Kits\10\Windows Performance Toolkit\;C:\Program Files\Git\cmd;C:\Program Files\MySQL\MySQL Shell 8.0\bin\
USERNAME=sung12
OS=Windows_NT
PROCESSOR_IDENTIFIER=Intel64 Family 6 Model 61 Stepping 4, GenuineIntel



---------------  S Y S T E M  ---------------

OS: Windows 10.0 , 64 bit Build 17134 (10.0.17134.753)

CPU:total 4 (initial active 4) (2 cores per cpu, 2 threads per core) family 6 model 61 stepping 4, cmov, cx8, fxsr, mmx, sse, sse2, sse3, ssse3, sse4.1, sse4.2, popcnt, avx, avx2, aes, clmul, erms, 3dnowpref, lzcnt, ht, tsc, tscinvbit, bmi1, bmi2, adx

Memory: 4k page, physical 8301912k(811932k free), swap 23663180k(5232k free)

vm_info: OpenJDK 64-Bit Server VM (25.152-b01) for windows-amd64 JRE (1.8.0_152-release-1248-b01), built by "builder" with MS VC++ 10.0 (VS2010)

time: Sun Jun 09 00:43:40 2019
elapsed time: 3484 seconds (0d 0h 58m 4s)

